2025-10-27 00:13:25,597 - aqt.main - INFO - installer 140316431272832 aqtinstall(aqt) v3.1.21 on Python 3.12.11 [CPython GCC 13.3.0]
2025-10-27 00:13:25,860 - aqt.main - INFO - installer 139964179250048 aqtinstall(aqt) v3.1.21 on Python 3.12.11 [CPython GCC 13.3.0]
2025-10-27 00:13:25,860 - aqt.helper - DEBUG - helper 139964179250048 Attempt to download checksum at https://download.qt.io/online/qtsdkrepository/linux_x64/desktop/qt6_683/qt6_683/Updates.xml.sha256
2025-10-27 00:13:27,426 - aqt.helper - DEBUG - helper 139964179250048 Attempt to download checksum at https://download.qt.io/online/qtsdkrepository/linux_x64/extensions/qtwebengine/683/x86_64/Updates.xml.sha256
2025-10-27 00:13:28,967 - aqt.archives - INFO - archives 139964179250048 Found extension qtwebengine
2025-10-27 00:13:28,968 - aqt.helper - DEBUG - helper 139964179250048 Attempt to download checksum at https://download.qt.io/online/qtsdkrepository/linux_x64/extensions/qtpdf/683/x86_64/Updates.xml.sha256
2025-10-27 00:13:30,501 - aqt.archives - INFO - archives 139964179250048 Found extension qtpdf
2025-10-27 00:13:31,263 - aqt.helper - DEBUG - helper 139754963217280 Attempt to download checksum at https://download.qt.io/online/qtsdkrepository/linux_x64/desktop/qt6_683/qt6_683/qt.qt6.683.linux_gcc_64/6.8.3-0-202503201345qtbase-Linux-RHEL_8_10-GCC-Linux-RHEL_8_10-X86_64.7z.sha256
2025-10-27 00:13:31,265 - aqt.helper - DEBUG - helper 140450542513024 Attempt to download checksum at https://download.qt.io/online/qtsdkrepository/linux_x64/desktop/qt6_683/qt6_683/qt.qt6.683.linux_gcc_64/6.8.3-0-202503201345qtsvg-Linux-RHEL_8_10-GCC-Linux-RHEL_8_10-X86_64.7z.sha256
2025-10-27 00:13:31,270 - aqt.helper - DEBUG - helper 139735912844160 Attempt to download checksum at https://download.qt.io/online/qtsdkrepository/linux_x64/desktop/qt6_683/qt6_683/qt.qt6.683.linux_gcc_64/6.8.3-0-202503201345qtdeclarative-Linux-RHEL_8_10-GCC-Linux-RHEL_8_10-X86_64.7z.sha256
2025-10-27 00:13:31,274 - aqt.helper - DEBUG - helper 139750085032832 Attempt to download checksum at https://download.qt.io/online/qtsdkrepository/linux_x64/desktop/qt6_683/qt6_683/qt.qt6.683.linux_gcc_64/6.8.3-0-202503201345qttools-Linux-RHEL_8_10-GCC-Linux-RHEL_8_10-X86_64.7z.sha256
2025-10-27 00:13:32,223 - aqt.helper - INFO - helper 140450542513024 Downloading qtsvg...
2025-10-27 00:13:32,223 - aqt.installer - DEBUG - installer 140450542513024 Download URL: https://download.qt.io/online/qtsdkrepository/linux_x64/desktop/qt6_683/qt6_683/qt.qt6.683.linux_gcc_64/6.8.3-0-202503201345qtsvg-Linux-RHEL_8_10-GCC-Linux-RHEL_8_10-X86_64.7z
2025-10-27 00:13:32,236 - aqt.helper - INFO - helper 139735912844160 Downloading qtdeclarative...
2025-10-27 00:13:32,236 - aqt.helper - INFO - helper 139754963217280 Downloading qtbase...
2025-10-27 00:13:32,237 - aqt.installer - DEBUG - installer 139754963217280 Download URL: https://download.qt.io/online/qtsdkrepository/linux_x64/desktop/qt6_683/qt6_683/qt.qt6.683.linux_gcc_64/6.8.3-0-202503201345qtbase-Linux-RHEL_8_10-GCC-Linux-RHEL_8_10-X86_64.7z
2025-10-27 00:13:32,237 - aqt.installer - DEBUG - installer 139735912844160 Download URL: https://download.qt.io/online/qtsdkrepository/linux_x64/desktop/qt6_683/qt6_683/qt.qt6.683.linux_gcc_64/6.8.3-0-202503201345qtdeclarative-Linux-RHEL_8_10-GCC-Linux-RHEL_8_10-X86_64.7z
2025-10-27 00:13:32,294 - aqt.helper - INFO - helper 139750085032832 Downloading qttools...
2025-10-27 00:13:32,294 - aqt.installer - DEBUG - installer 139750085032832 Download URL: https://download.qt.io/online/qtsdkrepository/linux_x64/desktop/qt6_683/qt6_683/qt.qt6.683.linux_gcc_64/6.8.3-0-202503201345qttools-Linux-RHEL_8_10-GCC-Linux-RHEL_8_10-X86_64.7z
2025-10-27 00:13:32,900 - aqt.helper - DEBUG - helper 140450542513024 Asked to redirect(302) to: https://qt.mirror.constant.com/online/qtsdkrepository/linux_x64/desktop/qt6_683/qt6_683/qt.qt6.683.linux_gcc_64/6.8.3-0-202503201345qtsvg-Linux-RHEL_8_10-GCC-Linux-RHEL_8_10-X86_64.7z
2025-10-27 00:13:32,901 - aqt.helper - INFO - helper 140450542513024 Redirected: qt.mirror.constant.com
2025-10-27 00:13:32,907 - aqt.helper - DEBUG - helper 139735912844160 Asked to redirect(302) to: https://qt.mirror.constant.com/online/qtsdkrepository/linux_x64/desktop/qt6_683/qt6_683/qt.qt6.683.linux_gcc_64/6.8.3-0-202503201345qtdeclarative-Linux-RHEL_8_10-GCC-Linux-RHEL_8_10-X86_64.7z
2025-10-27 00:13:32,907 - aqt.helper - INFO - helper 139735912844160 Redirected: qt.mirror.constant.com
2025-10-27 00:13:32,927 - aqt.helper - DEBUG - helper 139754963217280 Asked to redirect(302) to: https://qt.mirror.constant.com/online/qtsdkrepository/linux_x64/desktop/qt6_683/qt6_683/qt.qt6.683.linux_gcc_64/6.8.3-0-202503201345qtbase-Linux-RHEL_8_10-GCC-Linux-RHEL_8_10-X86_64.7z
2025-10-27 00:13:32,927 - aqt.helper - INFO - helper 139754963217280 Redirected: qt.mirror.constant.com
2025-10-27 00:13:32,949 - aqt.helper - DEBUG - helper 139750085032832 Asked to redirect(302) to: https://qt.mirror.constant.com/online/qtsdkrepository/linux_x64/desktop/qt6_683/qt6_683/qt.qt6.683.linux_gcc_64/6.8.3-0-202503201345qttools-Linux-RHEL_8_10-GCC-Linux-RHEL_8_10-X86_64.7z
2025-10-27 00:13:32,950 - aqt.helper - INFO - helper 139750085032832 Redirected: qt.mirror.constant.com
2025-10-27 00:13:33,617 - aqt.installer - INFO - installer 140450542513024 Finished installation of qtsvg-Linux-RHEL_8_10-GCC-Linux-RHEL_8_10-X86_64.7z in 2.35459298
2025-10-27 00:13:33,628 - aqt.helper - DEBUG - helper 140450542513024 Attempt to download checksum at https://download.qt.io/online/qtsdkrepository/linux_x64/desktop/qt6_683/qt6_683/qt.qt6.683.linux_gcc_64/6.8.3-0-202503201345qttranslations-Linux-RHEL_8_10-GCC-Linux-RHEL_8_10-X86_64.7z.sha256
2025-10-27 00:13:34,390 - aqt.helper - INFO - helper 140450542513024 Downloading qttranslations...
2025-10-27 00:13:34,390 - aqt.installer - DEBUG - installer 140450542513024 Download URL: https://download.qt.io/online/qtsdkrepository/linux_x64/desktop/qt6_683/qt6_683/qt.qt6.683.linux_gcc_64/6.8.3-0-202503201345qttranslations-Linux-RHEL_8_10-GCC-Linux-RHEL_8_10-X86_64.7z
2025-10-27 00:13:35,135 - aqt.helper - DEBUG - helper 140450542513024 Asked to redirect(302) to: https://qt.mirror.constant.com/online/qtsdkrepository/linux_x64/desktop/qt6_683/qt6_683/qt.qt6.683.linux_gcc_64/6.8.3-0-202503201345qttranslations-Linux-RHEL_8_10-GCC-Linux-RHEL_8_10-X86_64.7z
2025-10-27 00:13:35,135 - aqt.helper - INFO - helper 140450542513024 Redirected: qt.mirror.constant.com
2025-10-27 00:13:36,185 - aqt.installer - INFO - installer 140450542513024 Finished installation of qttranslations-Linux-RHEL_8_10-GCC-Linux-RHEL_8_10-X86_64.7z in 2.55872313
2025-10-27 00:13:36,201 - aqt.helper - DEBUG - helper 140450542513024 Attempt to download checksum at https://download.qt.io/online/qtsdkrepository/linux_x64/desktop/qt6_683/qt6_683/qt.qt6.683.linux_gcc_64/6.8.3-0-202503201345qtwayland-Linux-RHEL_8_10-GCC-Linux-RHEL_8_10-X86_64.7z.sha256
2025-10-27 00:13:36,880 - aqt.helper - INFO - helper 140450542513024 Downloading qtwayland...
2025-10-27 00:13:36,880 - aqt.installer - DEBUG - installer 140450542513024 Download URL: https://download.qt.io/online/qtsdkrepository/linux_x64/desktop/qt6_683/qt6_683/qt.qt6.683.linux_gcc_64/6.8.3-0-202503201345qtwayland-Linux-RHEL_8_10-GCC-Linux-RHEL_8_10-X86_64.7z
2025-10-27 00:13:37,256 - aqt.installer - INFO - installer 139750085032832 Finished installation of qttools-Linux-RHEL_8_10-GCC-Linux-RHEL_8_10-X86_64.7z in 5.98327517
2025-10-27 00:13:37,269 - aqt.helper - DEBUG - helper 139750085032832 Attempt to download checksum at https://download.qt.io/online/qtsdkrepository/linux_x64/desktop/qt6_683/qt6_683/qt.qt6.683.linux_gcc_64/6.8.3-0-202503201345icu-linux-Rhel8.6-x86_64.7z.sha256
2025-10-27 00:13:37,915 - aqt.helper - DEBUG - helper 140450542513024 Asked to redirect(302) to: https://qt.mirror.constant.com/online/qtsdkrepository/linux_x64/desktop/qt6_683/qt6_683/qt.qt6.683.linux_gcc_64/6.8.3-0-202503201345qtwayland-Linux-RHEL_8_10-GCC-Linux-RHEL_8_10-X86_64.7z
2025-10-27 00:13:37,915 - aqt.helper - INFO - helper 140450542513024 Redirected: qt.mirror.constant.com
2025-10-27 00:13:37,953 - aqt.helper - INFO - helper 139750085032832 Downloading icu...
2025-10-27 00:13:37,953 - aqt.installer - DEBUG - installer 139750085032832 Download URL: https://download.qt.io/online/qtsdkrepository/linux_x64/desktop/qt6_683/qt6_683/qt.qt6.683.linux_gcc_64/6.8.3-0-202503201345icu-linux-Rhel8.6-x86_64.7z
2025-10-27 00:13:38,300 - aqt.installer - INFO - installer 139754963217280 Finished installation of qtbase-Linux-RHEL_8_10-GCC-Linux-RHEL_8_10-X86_64.7z in 7.03958372
2025-10-27 00:13:38,695 - aqt.helper - DEBUG - helper 139750085032832 Asked to redirect(302) to: https://qt.mirror.constant.com/online/qtsdkrepository/linux_x64/desktop/qt6_683/qt6_683/qt.qt6.683.linux_gcc_64/6.8.3-0-202503201345icu-linux-Rhel8.6-x86_64.7z
2025-10-27 00:13:38,695 - aqt.helper - INFO - helper 139750085032832 Redirected: qt.mirror.constant.com
2025-10-27 00:13:38,802 - aqt.installer - INFO - installer 140450542513024 Finished installation of qtwayland-Linux-RHEL_8_10-GCC-Linux-RHEL_8_10-X86_64.7z in 2.60327128
2025-10-27 00:13:40,739 - aqt.installer - INFO - installer 139750085032832 Finished installation of icu-linux-Rhel8.6-x86_64.7z in 3.47108273
2025-10-27 00:13:47,925 - aqt.installer - INFO - installer 139735912844160 Finished installation of qtdeclarative-Linux-RHEL_8_10-GCC-Linux-RHEL_8_10-X86_64.7z in 16.65636348
2025-10-27 00:13:48,012 - aqt.updater - INFO - updater 139964179250048 Patching /home/runner/work/FreeCAD/Qt/6.8.3/gcc_64/bin/qmake
2025-10-27 00:13:48,016 - aqt.updater - INFO - updater 139964179250048 Patching /home/runner/work/FreeCAD/Qt/6.8.3/gcc_64/lib/pkgconfig/Qt6Sql.pc
2025-10-27 00:13:48,016 - aqt.updater - INFO - updater 139964179250048 Patching /home/runner/work/FreeCAD/Qt/6.8.3/gcc_64/lib/pkgconfig/Qt6Core.pc
2025-10-27 00:13:48,016 - aqt.updater - INFO - updater 139964179250048 Patching /home/runner/work/FreeCAD/Qt/6.8.3/gcc_64/lib/pkgconfig/Qt6SvgWidgets.pc
2025-10-27 00:13:48,017 - aqt.updater - INFO - updater 139964179250048 Patching /home/runner/work/FreeCAD/Qt/6.8.3/gcc_64/lib/pkgconfig/Qt6DBus.pc
2025-10-27 00:13:48,017 - aqt.updater - INFO - updater 139964179250048 Patching /home/runner/work/FreeCAD/Qt/6.8.3/gcc_64/lib/pkgconfig/Qt6Platform.pc
2025-10-27 00:13:48,017 - aqt.updater - INFO - updater 139964179250048 Patching /home/runner/work/FreeCAD/Qt/6.8.3/gcc_64/lib/pkgconfig/Qt6Qml.pc
2025-10-27 00:13:48,017 - aqt.updater - INFO - updater 139964179250048 Patching /home/runner/work/FreeCAD/Qt/6.8.3/gcc_64/lib/pkgconfig/Qt6UiPlugin.pc
2025-10-27 00:13:48,018 - aqt.updater - INFO - updater 139964179250048 Patching /home/runner/work/FreeCAD/Qt/6.8.3/gcc_64/lib/pkgconfig/Qt6QuickControls2UniversalStyleImpl.pc
2025-10-27 00:13:48,018 - aqt.updater - INFO - updater 139964179250048 Patching /home/runner/work/FreeCAD/Qt/6.8.3/gcc_64/lib/pkgconfig/Qt6QuickControls2BasicStyleImpl.pc
2025-10-27 00:13:48,018 - aqt.updater - INFO - updater 139964179250048 Patching /home/runner/work/FreeCAD/Qt/6.8.3/gcc_64/lib/pkgconfig/Qt6QuickControls2.pc
2025-10-27 00:13:48,018 - aqt.updater - INFO - updater 139964179250048 Patching /home/runner/work/FreeCAD/Qt/6.8.3/gcc_64/lib/pkgconfig/Qt6QuickControls2Fusion.pc
2025-10-27 00:13:48,019 - aqt.updater - INFO - updater 139964179250048 Patching /home/runner/work/FreeCAD/Qt/6.8.3/gcc_64/lib/pkgconfig/Qt6Network.pc
2025-10-27 00:13:48,019 - aqt.updater - INFO - updater 139964179250048 Patching /home/runner/work/FreeCAD/Qt/6.8.3/gcc_64/lib/pkgconfig/Qt6Help.pc
2025-10-27 00:13:48,019 - aqt.updater - INFO - updater 139964179250048 Patching /home/runner/work/FreeCAD/Qt/6.8.3/gcc_64/lib/pkgconfig/Qt6LabsWavefrontMesh.pc
2025-10-27 00:13:48,020 - aqt.updater - INFO - updater 139964179250048 Patching /home/runner/work/FreeCAD/Qt/6.8.3/gcc_64/lib/pkgconfig/Qt6QuickWidgets.pc
2025-10-27 00:13:48,020 - aqt.updater - INFO - updater 139964179250048 Patching /home/runner/work/FreeCAD/Qt/6.8.3/gcc_64/lib/pkgconfig/Qt6QuickDialogs2.pc
2025-10-27 00:13:48,020 - aqt.updater - INFO - updater 139964179250048 Patching /home/runner/work/FreeCAD/Qt/6.8.3/gcc_64/lib/pkgconfig/Qt6QuickControls2Material.pc
2025-10-27 00:13:48,020 - aqt.updater - INFO - updater 139964179250048 Patching /home/runner/work/FreeCAD/Qt/6.8.3/gcc_64/lib/pkgconfig/Qt6Xml.pc
2025-10-27 00:13:48,021 - aqt.updater - INFO - updater 139964179250048 Patching /home/runner/work/FreeCAD/Qt/6.8.3/gcc_64/lib/pkgconfig/Qt6QuickTemplates2.pc
2025-10-27 00:13:48,021 - aqt.updater - INFO - updater 139964179250048 Patching /home/runner/work/FreeCAD/Qt/6.8.3/gcc_64/lib/pkgconfig/Qt6UiTools.pc
2025-10-27 00:13:48,021 - aqt.updater - INFO - updater 139964179250048 Patching /home/runner/work/FreeCAD/Qt/6.8.3/gcc_64/lib/pkgconfig/Qt6Gui.pc
2025-10-27 00:13:48,021 - aqt.updater - INFO - updater 139964179250048 Patching /home/runner/work/FreeCAD/Qt/6.8.3/gcc_64/lib/pkgconfig/Qt6QuickControls2FluentWinUI3StyleImpl.pc
2025-10-27 00:13:48,022 - aqt.updater - INFO - updater 139964179250048 Patching /home/runner/work/FreeCAD/Qt/6.8.3/gcc_64/lib/pkgconfig/Qt6Designer.pc
2025-10-27 00:13:48,022 - aqt.updater - INFO - updater 139964179250048 Patching /home/runner/work/FreeCAD/Qt/6.8.3/gcc_64/lib/pkgconfig/Qt6QuickLayouts.pc
2025-10-27 00:13:48,022 - aqt.updater - INFO - updater 139964179250048 Patching /home/runner/work/FreeCAD/Qt/6.8.3/gcc_64/lib/pkgconfig/Qt6QmlIntegration.pc
2025-10-27 00:13:48,022 - aqt.updater - INFO - updater 139964179250048 Patching /home/runner/work/FreeCAD/Qt/6.8.3/gcc_64/lib/pkgconfig/Qt6PrintSupport.pc
2025-10-27 00:13:48,023 - aqt.updater - INFO - updater 139964179250048 Patching /home/runner/work/FreeCAD/Qt/6.8.3/gcc_64/lib/pkgconfig/Qt6LabsAnimation.pc
2025-10-27 00:13:48,023 - aqt.updater - INFO - updater 139964179250048 Patching /home/runner/work/FreeCAD/Qt/6.8.3/gcc_64/lib/pkgconfig/Qt6LabsSettings.pc
2025-10-27 00:13:48,023 - aqt.updater - INFO - updater 139964179250048 Patching /home/runner/work/FreeCAD/Qt/6.8.3/gcc_64/lib/pkgconfig/Qt6QuickControls2Universal.pc
2025-10-27 00:13:48,023 - aqt.updater - INFO - updater 139964179250048 Patching /home/runner/work/FreeCAD/Qt/6.8.3/gcc_64/lib/pkgconfig/Qt6Linguist.pc
2025-10-27 00:13:48,024 - aqt.updater - INFO - updater 139964179250048 Patching /home/runner/work/FreeCAD/Qt/6.8.3/gcc_64/lib/pkgconfig/Qt6QmlNetwork.pc
2025-10-27 00:13:48,024 - aqt.updater - INFO - updater 139964179250048 Patching /home/runner/work/FreeCAD/Qt/6.8.3/gcc_64/lib/pkgconfig/Qt6LabsFolderListModel.pc
2025-10-27 00:13:48,024 - aqt.updater - INFO - updater 139964179250048 Patching /home/runner/work/FreeCAD/Qt/6.8.3/gcc_64/lib/pkgconfig/Qt6QmlAssetDownloader.pc
2025-10-27 00:13:48,024 - aqt.updater - INFO - updater 139964179250048 Patching /home/runner/work/FreeCAD/Qt/6.8.3/gcc_64/lib/pkgconfig/Qt6QmlXmlListModel.pc
2025-10-27 00:13:48,025 - aqt.updater - INFO - updater 139964179250048 Patching /home/runner/work/FreeCAD/Qt/6.8.3/gcc_64/lib/pkgconfig/Qt6Concurrent.pc
2025-10-27 00:13:48,025 - aqt.updater - INFO - updater 139964179250048 Patching /home/runner/work/FreeCAD/Qt/6.8.3/gcc_64/lib/pkgconfig/Qt6OpenGL.pc
2025-10-27 00:13:48,025 - aqt.updater - INFO - updater 139964179250048 Patching /home/runner/work/FreeCAD/Qt/6.8.3/gcc_64/lib/pkgconfig/Qt6LabsQmlModels.pc
2025-10-27 00:13:48,025 - aqt.updater - INFO - updater 139964179250048 Patching /home/runner/work/FreeCAD/Qt/6.8.3/gcc_64/lib/pkgconfig/Qt6QuickVectorImage.pc
2025-10-27 00:13:48,026 - aqt.updater - INFO - updater 139964179250048 Patching /home/runner/work/FreeCAD/Qt/6.8.3/gcc_64/lib/pkgconfig/Qt6QuickControls2Imagine.pc
2025-10-27 00:13:48,026 - aqt.updater - INFO - updater 139964179250048 Patching /home/runner/work/FreeCAD/Qt/6.8.3/gcc_64/lib/pkgconfig/Qt6WaylandClient.pc
2025-10-27 00:13:48,026 - aqt.updater - INFO - updater 139964179250048 Patching /home/runner/work/FreeCAD/Qt/6.8.3/gcc_64/lib/pkgconfig/Qt6Svg.pc
2025-10-27 00:13:48,026 - aqt.updater - INFO - updater 139964179250048 Patching /home/runner/work/FreeCAD/Qt/6.8.3/gcc_64/lib/pkgconfig/Qt6QuickControls2MaterialStyleImpl.pc
2025-10-27 00:13:48,027 - aqt.updater - INFO - updater 139964179250048 Patching /home/runner/work/FreeCAD/Qt/6.8.3/gcc_64/lib/pkgconfig/Qt6QmlMeta.pc
2025-10-27 00:13:48,027 - aqt.updater - INFO - updater 139964179250048 Patching /home/runner/work/FreeCAD/Qt/6.8.3/gcc_64/lib/pkgconfig/Qt6Test.pc
2025-10-27 00:13:48,027 - aqt.updater - INFO - updater 139964179250048 Patching /home/runner/work/FreeCAD/Qt/6.8.3/gcc_64/lib/pkgconfig/Qt6Quick.pc
2025-10-27 00:13:48,028 - aqt.updater - INFO - updater 139964179250048 Patching /home/runner/work/FreeCAD/Qt/6.8.3/gcc_64/lib/pkgconfig/Qt6LabsPlatform.pc
2025-10-27 00:13:48,028 - aqt.updater - INFO - updater 139964179250048 Patching /home/runner/work/FreeCAD/Qt/6.8.3/gcc_64/lib/pkgconfig/Qt6QmlLocalStorage.pc
2025-10-27 00:13:48,028 - aqt.updater - INFO - updater 139964179250048 Patching /home/runner/work/FreeCAD/Qt/6.8.3/gcc_64/lib/pkgconfig/Qt6Widgets.pc
2025-10-27 00:13:48,028 - aqt.updater - INFO - updater 139964179250048 Patching /home/runner/work/FreeCAD/Qt/6.8.3/gcc_64/lib/pkgconfig/Qt6QmlCore.pc
2025-10-27 00:13:48,029 - aqt.updater - INFO - updater 139964179250048 Patching /home/runner/work/FreeCAD/Qt/6.8.3/gcc_64/lib/pkgconfig/Qt6LabsSharedImage.pc
2025-10-27 00:13:48,029 - aqt.updater - INFO - updater 139964179250048 Patching /home/runner/work/FreeCAD/Qt/6.8.3/gcc_64/lib/pkgconfig/Qt6OpenGLWidgets.pc
2025-10-27 00:13:48,029 - aqt.updater - INFO - updater 139964179250048 Patching /home/runner/work/FreeCAD/Qt/6.8.3/gcc_64/lib/pkgconfig/Qt6QuickControls2Impl.pc
2025-10-27 00:13:48,029 - aqt.updater - INFO - updater 139964179250048 Patching /home/runner/work/FreeCAD/Qt/6.8.3/gcc_64/lib/pkgconfig/Qt6QmlCompiler.pc
2025-10-27 00:13:48,030 - aqt.updater - INFO - updater 139964179250048 Patching /home/runner/work/FreeCAD/Qt/6.8.3/gcc_64/lib/pkgconfig/Qt6QuickDialogs2Utils.pc
2025-10-27 00:13:48,030 - aqt.updater - INFO - updater 139964179250048 Patching /home/runner/work/FreeCAD/Qt/6.8.3/gcc_64/lib/pkgconfig/Qt6QuickDialogs2QuickImpl.pc
2025-10-27 00:13:48,030 - aqt.updater - INFO - updater 139964179250048 Patching /home/runner/work/FreeCAD/Qt/6.8.3/gcc_64/lib/pkgconfig/Qt6QuickControls2Basic.pc
2025-10-27 00:13:48,030 - aqt.updater - INFO - updater 139964179250048 Patching /home/runner/work/FreeCAD/Qt/6.8.3/gcc_64/lib/pkgconfig/Qt6QuickControls2FusionStyleImpl.pc
2025-10-27 00:13:48,031 - aqt.updater - INFO - updater 139964179250048 Patching /home/runner/work/FreeCAD/Qt/6.8.3/gcc_64/lib/pkgconfig/Qt6QmlWorkerScript.pc
2025-10-27 00:13:48,031 - aqt.updater - INFO - updater 139964179250048 Patching /home/runner/work/FreeCAD/Qt/6.8.3/gcc_64/lib/pkgconfig/Qt6QuickTest.pc
2025-10-27 00:13:48,031 - aqt.updater - INFO - updater 139964179250048 Patching /home/runner/work/FreeCAD/Qt/6.8.3/gcc_64/lib/pkgconfig/Qt6QuickControls2ImagineStyleImpl.pc
2025-10-27 00:13:48,031 - aqt.updater - INFO - updater 139964179250048 Patching /home/runner/work/FreeCAD/Qt/6.8.3/gcc_64/lib/pkgconfig/Qt6QmlModels.pc
2025-10-27 00:13:48,032 - aqt.updater - INFO - updater 139964179250048 Patching /home/runner/work/FreeCAD/Qt/6.8.3/gcc_64/lib/libQt6Svg.prl
2025-10-27 00:13:48,033 - aqt.updater - INFO - updater 139964179250048 Patching /home/runner/work/FreeCAD/Qt/6.8.3/gcc_64/lib/libQt6OpenGL.prl
2025-10-27 00:13:48,033 - aqt.updater - INFO - updater 139964179250048 Patching /home/runner/work/FreeCAD/Qt/6.8.3/gcc_64/lib/libQt6QmlLocalStorage.prl
2025-10-27 00:13:48,033 - aqt.updater - INFO - updater 139964179250048 Patching /home/runner/work/FreeCAD/Qt/6.8.3/gcc_64/lib/libQt6QuickEffects.prl
2025-10-27 00:13:48,033 - aqt.updater - INFO - updater 139964179250048 Patching /home/runner/work/FreeCAD/Qt/6.8.3/gcc_64/lib/libQt6Gui.prl
2025-10-27 00:13:48,034 - aqt.updater - INFO - updater 139964179250048 Patching /home/runner/work/FreeCAD/Qt/6.8.3/gcc_64/lib/libQt6Network.prl
2025-10-27 00:13:48,034 - aqt.updater - INFO - updater 139964179250048 Patching /home/runner/work/FreeCAD/Qt/6.8.3/gcc_64/lib/libQt6QuickControls2FluentWinUI3StyleImpl.prl
2025-10-27 00:13:48,034 - aqt.updater - INFO - updater 139964179250048 Patching /home/runner/work/FreeCAD/Qt/6.8.3/gcc_64/lib/libQt6WaylandEglClientHwIntegration.prl
2025-10-27 00:13:48,034 - aqt.updater - INFO - updater 139964179250048 Patching /home/runner/work/FreeCAD/Qt/6.8.3/gcc_64/lib/libQt6Quick.prl
2025-10-27 00:13:48,035 - aqt.updater - INFO - updater 139964179250048 Patching /home/runner/work/FreeCAD/Qt/6.8.3/gcc_64/lib/libQt6QuickVectorImage.prl
2025-10-27 00:13:48,035 - aqt.updater - INFO - updater 139964179250048 Patching /home/runner/work/FreeCAD/Qt/6.8.3/gcc_64/lib/libQt6QuickControls2.prl
2025-10-27 00:13:48,035 - aqt.updater - INFO - updater 139964179250048 Patching /home/runner/work/FreeCAD/Qt/6.8.3/gcc_64/lib/libQt6QuickControls2BasicStyleImpl.prl
2025-10-27 00:13:48,035 - aqt.updater - INFO - updater 139964179250048 Patching /home/runner/work/FreeCAD/Qt/6.8.3/gcc_64/lib/libQt6QmlNetwork.prl
2025-10-27 00:13:48,036 - aqt.updater - INFO - updater 139964179250048 Patching /home/runner/work/FreeCAD/Qt/6.8.3/gcc_64/lib/libQt6ExampleIcons.prl
2025-10-27 00:13:48,036 - aqt.updater - INFO - updater 139964179250048 Patching /home/runner/work/FreeCAD/Qt/6.8.3/gcc_64/lib/libQt6WlShellIntegration.prl
2025-10-27 00:13:48,036 - aqt.updater - INFO - updater 139964179250048 Patching /home/runner/work/FreeCAD/Qt/6.8.3/gcc_64/lib/libQt6LabsQmlModels.prl
2025-10-27 00:13:48,036 - aqt.updater - INFO - updater 139964179250048 Patching /home/runner/work/FreeCAD/Qt/6.8.3/gcc_64/lib/libQt6QuickDialogs2.prl
2025-10-27 00:13:48,037 - aqt.updater - INFO - updater 139964179250048 Patching /home/runner/work/FreeCAD/Qt/6.8.3/gcc_64/lib/libQt6QuickVectorImageGenerator.prl
2025-10-27 00:13:48,037 - aqt.updater - INFO - updater 139964179250048 Patching /home/runner/work/FreeCAD/Qt/6.8.3/gcc_64/lib/libQt6DesignerComponents.prl
2025-10-27 00:13:48,037 - aqt.updater - INFO - updater 139964179250048 Patching /home/runner/work/FreeCAD/Qt/6.8.3/gcc_64/lib/libQt6FbSupport.prl
2025-10-27 00:13:48,037 - aqt.updater - INFO - updater 139964179250048 Patching /home/runner/work/FreeCAD/Qt/6.8.3/gcc_64/lib/libQt6SvgWidgets.prl
2025-10-27 00:13:48,038 - aqt.updater - INFO - updater 139964179250048 Patching /home/runner/work/FreeCAD/Qt/6.8.3/gcc_64/lib/libQt6QuickWidgets.prl
2025-10-27 00:13:48,038 - aqt.updater - INFO - updater 139964179250048 Patching /home/runner/work/FreeCAD/Qt/6.8.3/gcc_64/lib/libQt6QmlMeta.prl
2025-10-27 00:13:48,038 - aqt.updater - INFO - updater 139964179250048 Patching /home/runner/work/FreeCAD/Qt/6.8.3/gcc_64/lib/libQt6QmlWorkerScript.prl
2025-10-27 00:13:48,038 - aqt.updater - INFO - updater 139964179250048 Patching /home/runner/work/FreeCAD/Qt/6.8.3/gcc_64/lib/libQt6LabsFolderListModel.prl
2025-10-27 00:13:48,039 - aqt.updater - INFO - updater 139964179250048 Patching /home/runner/work/FreeCAD/Qt/6.8.3/gcc_64/lib/libQt6QuickDialogs2Utils.prl
2025-10-27 00:13:48,039 - aqt.updater - INFO - updater 139964179250048 Patching /home/runner/work/FreeCAD/Qt/6.8.3/gcc_64/lib/libQt6QuickControls2ImagineStyleImpl.prl
2025-10-27 00:13:48,039 - aqt.updater - INFO - updater 139964179250048 Patching /home/runner/work/FreeCAD/Qt/6.8.3/gcc_64/lib/libQt6QmlToolingSettings.prl
2025-10-27 00:13:48,039 - aqt.updater - INFO - updater 139964179250048 Patching /home/runner/work/FreeCAD/Qt/6.8.3/gcc_64/lib/libQt6QmlLS.prl
2025-10-27 00:13:48,040 - aqt.updater - INFO - updater 139964179250048 Patching /home/runner/work/FreeCAD/Qt/6.8.3/gcc_64/lib/libQt6QuickTest.prl
2025-10-27 00:13:48,040 - aqt.updater - INFO - updater 139964179250048 Patching /home/runner/work/FreeCAD/Qt/6.8.3/gcc_64/lib/libQt6QuickControlsTestUtils.prl
2025-10-27 00:13:48,040 - aqt.updater - INFO - updater 139964179250048 Patching /home/runner/work/FreeCAD/Qt/6.8.3/gcc_64/lib/libQt6Concurrent.prl
2025-10-27 00:13:48,040 - aqt.updater - INFO - updater 139964179250048 Patching /home/runner/work/FreeCAD/Qt/6.8.3/gcc_64/lib/libQt6KmsSupport.prl
2025-10-27 00:13:48,041 - aqt.updater - INFO - updater 139964179250048 Patching /home/runner/work/FreeCAD/Qt/6.8.3/gcc_64/lib/libQt6QuickControls2MaterialStyleImpl.prl
2025-10-27 00:13:48,041 - aqt.updater - INFO - updater 139964179250048 Patching /home/runner/work/FreeCAD/Qt/6.8.3/gcc_64/lib/libQt6Help.prl
2025-10-27 00:13:48,041 - aqt.updater - INFO - updater 139964179250048 Patching /home/runner/work/FreeCAD/Qt/6.8.3/gcc_64/lib/libQt6Xml.prl
2025-10-27 00:13:48,041 - aqt.updater - INFO - updater 139964179250048 Patching /home/runner/work/FreeCAD/Qt/6.8.3/gcc_64/lib/libQt6EglFsKmsGbmSupport.prl
2025-10-27 00:13:48,042 - aqt.updater - INFO - updater 139964179250048 Patching /home/runner/work/FreeCAD/Qt/6.8.3/gcc_64/lib/libQt6DBus.prl
2025-10-27 00:13:48,042 - aqt.updater - INFO - updater 139964179250048 Patching /home/runner/work/FreeCAD/Qt/6.8.3/gcc_64/lib/libQt6QuickDialogs2QuickImpl.prl
2025-10-27 00:13:48,042 - aqt.updater - INFO - updater 139964179250048 Patching /home/runner/work/FreeCAD/Qt/6.8.3/gcc_64/lib/libQt6EglFSDeviceIntegration.prl
2025-10-27 00:13:48,042 - aqt.updater - INFO - updater 139964179250048 Patching /home/runner/work/FreeCAD/Qt/6.8.3/gcc_64/lib/libQt6InputSupport.prl
2025-10-27 00:13:48,043 - aqt.updater - INFO - updater 139964179250048 Patching /home/runner/work/FreeCAD/Qt/6.8.3/gcc_64/lib/libQt6Widgets.prl
2025-10-27 00:13:48,043 - aqt.updater - INFO - updater 139964179250048 Patching /home/runner/work/FreeCAD/Qt/6.8.3/gcc_64/lib/libQt6Sql.prl
2025-10-27 00:13:48,043 - aqt.updater - INFO - updater 139964179250048 Patching /home/runner/work/FreeCAD/Qt/6.8.3/gcc_64/lib/libQt6QuickTestUtils.prl
2025-10-27 00:13:48,043 - aqt.updater - INFO - updater 139964179250048 Patching /home/runner/work/FreeCAD/Qt/6.8.3/gcc_64/lib/libQt6QmlModels.prl
2025-10-27 00:13:48,044 - aqt.updater - INFO - updater 139964179250048 Patching /home/runner/work/FreeCAD/Qt/6.8.3/gcc_64/lib/libQt6QuickControls2Basic.prl
2025-10-27 00:13:48,044 - aqt.updater - INFO - updater 139964179250048 Patching /home/runner/work/FreeCAD/Qt/6.8.3/gcc_64/lib/libQt6QuickTemplates2.prl
2025-10-27 00:13:48,044 - aqt.updater - INFO - updater 139964179250048 Patching /home/runner/work/FreeCAD/Qt/6.8.3/gcc_64/lib/libQt6UiTools.prl
2025-10-27 00:13:48,044 - aqt.updater - INFO - updater 139964179250048 Patching /home/runner/work/FreeCAD/Qt/6.8.3/gcc_64/lib/libQt6QmlDebug.prl
2025-10-27 00:13:48,045 - aqt.updater - INFO - updater 139964179250048 Patching /home/runner/work/FreeCAD/Qt/6.8.3/gcc_64/lib/libQt6QuickControls2Imagine.prl
2025-10-27 00:13:48,045 - aqt.updater - INFO - updater 139964179250048 Patching /home/runner/work/FreeCAD/Qt/6.8.3/gcc_64/lib/libQt6WaylandClient.prl
2025-10-27 00:13:48,045 - aqt.updater - INFO - updater 139964179250048 Patching /home/runner/work/FreeCAD/Qt/6.8.3/gcc_64/lib/libQt6PacketProtocol.prl
2025-10-27 00:13:48,045 - aqt.updater - INFO - updater 139964179250048 Patching /home/runner/work/FreeCAD/Qt/6.8.3/gcc_64/lib/libQt6OpenGLWidgets.prl
2025-10-27 00:13:48,046 - aqt.updater - INFO - updater 139964179250048 Patching /home/runner/work/FreeCAD/Qt/6.8.3/gcc_64/lib/libQt6LabsPlatform.prl
2025-10-27 00:13:48,046 - aqt.updater - INFO - updater 139964179250048 Patching /home/runner/work/FreeCAD/Qt/6.8.3/gcc_64/lib/libQt6Core.prl
2025-10-27 00:13:48,046 - aqt.updater - INFO - updater 139964179250048 Patching /home/runner/work/FreeCAD/Qt/6.8.3/gcc_64/lib/libQt6QuickControls2FusionStyleImpl.prl
2025-10-27 00:13:48,046 - aqt.updater - INFO - updater 139964179250048 Patching /home/runner/work/FreeCAD/Qt/6.8.3/gcc_64/lib/libQt6LabsSettings.prl
2025-10-27 00:13:48,047 - aqt.updater - INFO - updater 139964179250048 Patching /home/runner/work/FreeCAD/Qt/6.8.3/gcc_64/lib/libQt6QmlDom.prl
2025-10-27 00:13:48,047 - aqt.updater - INFO - updater 139964179250048 Patching /home/runner/work/FreeCAD/Qt/6.8.3/gcc_64/lib/libQt6Qml.prl
2025-10-27 00:13:48,047 - aqt.updater - INFO - updater 139964179250048 Patching /home/runner/work/FreeCAD/Qt/6.8.3/gcc_64/lib/libQt6QuickControls2UniversalStyleImpl.prl
2025-10-27 00:13:48,047 - aqt.updater - INFO - updater 139964179250048 Patching /home/runner/work/FreeCAD/Qt/6.8.3/gcc_64/lib/libQt6QuickLayouts.prl
2025-10-27 00:13:48,047 - aqt.updater - INFO - updater 139964179250048 Patching /home/runner/work/FreeCAD/Qt/6.8.3/gcc_64/lib/libQt6QuickControls2Impl.prl
2025-10-27 00:13:48,048 - aqt.updater - INFO - updater 139964179250048 Patching /home/runner/work/FreeCAD/Qt/6.8.3/gcc_64/lib/libQt6XcbQpa.prl
2025-10-27 00:13:48,048 - aqt.updater - INFO - updater 139964179250048 Patching /home/runner/work/FreeCAD/Qt/6.8.3/gcc_64/lib/libQt6QuickShapes.prl
2025-10-27 00:13:48,048 - aqt.updater - INFO - updater 139964179250048 Patching /home/runner/work/FreeCAD/Qt/6.8.3/gcc_64/lib/libQt6DeviceDiscoverySupport.prl
2025-10-27 00:13:48,049 - aqt.updater - INFO - updater 139964179250048 Patching /home/runner/work/FreeCAD/Qt/6.8.3/gcc_64/lib/libQt6QmlCompiler.prl
2025-10-27 00:13:48,049 - aqt.updater - INFO - updater 139964179250048 Patching /home/runner/work/FreeCAD/Qt/6.8.3/gcc_64/lib/libQt6QuickParticles.prl
2025-10-27 00:13:48,049 - aqt.updater - INFO - updater 139964179250048 Patching /home/runner/work/FreeCAD/Qt/6.8.3/gcc_64/lib/libQt6QuickControls2Universal.prl
2025-10-27 00:13:48,049 - aqt.updater - INFO - updater 139964179250048 Patching /home/runner/work/FreeCAD/Qt/6.8.3/gcc_64/lib/libQt6LabsWavefrontMesh.prl
2025-10-27 00:13:48,049 - aqt.updater - INFO - updater 139964179250048 Patching /home/runner/work/FreeCAD/Qt/6.8.3/gcc_64/lib/libQt6QmlXmlListModel.prl
2025-10-27 00:13:48,050 - aqt.updater - INFO - updater 139964179250048 Patching /home/runner/work/FreeCAD/Qt/6.8.3/gcc_64/lib/libQt6EglFsKmsSupport.prl
2025-10-27 00:13:48,050 - aqt.updater - INFO - updater 139964179250048 Patching /home/runner/work/FreeCAD/Qt/6.8.3/gcc_64/lib/libQt6LabsSharedImage.prl
2025-10-27 00:13:48,050 - aqt.updater - INFO - updater 139964179250048 Patching /home/runner/work/FreeCAD/Qt/6.8.3/gcc_64/lib/libQt6PrintSupport.prl
2025-10-27 00:13:48,051 - aqt.updater - INFO - updater 139964179250048 Patching /home/runner/work/FreeCAD/Qt/6.8.3/gcc_64/lib/libQt6QuickControls2Fusion.prl
2025-10-27 00:13:48,051 - aqt.updater - INFO - updater 139964179250048 Patching /home/runner/work/FreeCAD/Qt/6.8.3/gcc_64/lib/libQt6Designer.prl
2025-10-27 00:13:48,051 - aqt.updater - INFO - updater 139964179250048 Patching /home/runner/work/FreeCAD/Qt/6.8.3/gcc_64/lib/libQt6ExamplesAssetDownloader.prl
2025-10-27 00:13:48,051 - aqt.updater - INFO - updater 139964179250048 Patching /home/runner/work/FreeCAD/Qt/6.8.3/gcc_64/lib/libQt6QmlTypeRegistrar.prl
2025-10-27 00:13:48,052 - aqt.updater - INFO - updater 139964179250048 Patching /home/runner/work/FreeCAD/Qt/6.8.3/gcc_64/lib/libQt6LabsAnimation.prl
2025-10-27 00:13:48,052 - aqt.updater - INFO - updater 139964179250048 Patching /home/runner/work/FreeCAD/Qt/6.8.3/gcc_64/lib/libQt6QuickControls2Material.prl
2025-10-27 00:13:48,052 - aqt.updater - INFO - updater 139964179250048 Patching /home/runner/work/FreeCAD/Qt/6.8.3/gcc_64/lib/libQt6QmlCore.prl
2025-10-27 00:13:48,052 - aqt.updater - INFO - updater 139964179250048 Patching /home/runner/work/FreeCAD/Qt/6.8.3/gcc_64/lib/libQt6QmlAssetDownloader.prl
2025-10-27 00:13:48,053 - aqt.updater - INFO - updater 139964179250048 Patching /home/runner/work/FreeCAD/Qt/6.8.3/gcc_64/lib/libQt6Test.prl
2025-10-27 00:13:48,053 - aqt.main - INFO - installer 139964179250048 Finished installation
2025-10-27 00:13:48,053 - aqt.main - INFO - installer 139964179250048 Time elapsed: 22.19326214 second
